activity7完成/app/build/intermediates/manifest_merge_blame_file/debug/manifest-merger-blame-debug-report.txt
1<?xml version="1.0" encoding="utf-8"?>
2<manifest xmlns:android="http://schemas.android.com/apk/res/android"
3    package="com.inmu.activity"
4    android:versionCode="1"
5    android:versionName="1.0" >
6
7    <uses-sdk
8        android:minSdkVersion="24"
8-->src\main\AndroidManifest.xml
9        android:targetSdkVersion="29" />
9-->src\main\AndroidManifest.xml
10
11    <uses-permission android:name="android.permission.INTERNET" />
11-->src\main\AndroidManifest.xml:4:5-67
11-->src\main\AndroidManifest.xml:4:22-64
12
13    <application
13-->src\main\AndroidManifest.xml:6:5-29:19
14        android:allowBackup="true"
14-->src\main\AndroidManifest.xml:7:9-35
15        android:appComponentFactory="androidx.core.app.CoreComponentFactory"
15-->[androidx.core:core:1.1.0] AndroidManifest.xml:24:18-86
16        android:debuggable="true"
17        android:extractNativeLibs="false"
18        android:icon="@mipmap/tubiao"
18-->src\main\AndroidManifest.xml:8:9-38
19        android:label="@string/app_name"
19-->src\main\AndroidManifest.xml:9:9-41
20        android:roundIcon="@mipmap/ic_launcher_round"
20-->src\main\AndroidManifest.xml:10:9-54
21        android:supportsRtl="true"
21-->src\main\AndroidManifest.xml:11:9-35
22        android:testOnly="true"
23        android:theme="@style/Theme.AppCompat.NoActionBar" >
23-->src\main\AndroidManifest.xml:12:9-59
24        <activity android:name="com.inmu.activity.ListViewActivity" >
24-->src\main\AndroidManifest.xml:13:9-15:20
24-->src\main\AndroidManifest.xml:13:19-51
25        </activity>
26        <activity android:name="com.inmu.activity.VideoActivity" />
26-->src\main\AndroidManifest.xml:16:9-60
26-->src\main\AndroidManifest.xml:16:19-48
27        <activity android:name="com.inmu.activity.ItemActivity" />
27-->src\main\AndroidManifest.xml:17:9-59
27-->src\main\AndroidManifest.xml:17:19-47
28        <activity android:name="com.inmu.activity.MainActivity" >
28-->src\main\AndroidManifest.xml:18:9-24:20
28-->src\main\AndroidManifest.xml:18:19-47
29            <intent-filter>
29-->src\main\AndroidManifest.xml:19:13-23:29
30                <action android:name="android.intent.action.MAIN" />
30-->src\main\AndroidManifest.xml:20:17-69
30-->src\main\AndroidManifest.xml:20:25-66
31
32                <category android:name="android.intent.category.LAUNCHER" />
32-->src\main\AndroidManifest.xml:22:17-77
32-->src\main\AndroidManifest.xml:22:27-74
33            </intent-filter>
34        </activity>
35        <activity android:name="com.inmu.activity.GridViewActivity" />
35-->src\main\AndroidManifest.xml:25:9-63
35-->src\main\AndroidManifest.xml:25:19-51
36        <activity android:name="com.inmu.activity.ViewPagerActivity" >
36-->src\main\AndroidManifest.xml:26:9-28:20
36-->src\main\AndroidManifest.xml:26:19-52
37        </activity>
38    </application>
39
40</manifest>